0 info it worked if it ends with ok
1 verbose cli [ 'C:\\Program Files\\nodejs\\node.exe',
1 verbose cli   'C:\\Program Files\\nodejs\\node_modules\\npm\\bin\\npm-cli.js',
1 verbose cli   'run',
1 verbose cli   'start',
1 verbose cli   '--scripts-prepend-node-path=auto' ]
2 info using npm@3.10.10
3 info using node@v6.11.2
4 verbose run-script [ 'prestart', 'start', 'poststart' ]
5 info lifecycle api-web-sigfox@0.0.0~prestart: api-web-sigfox@0.0.0
6 silly lifecycle api-web-sigfox@0.0.0~prestart: no script for prestart, continuing
7 info lifecycle api-web-sigfox@0.0.0~start: api-web-sigfox@0.0.0
8 verbose lifecycle api-web-sigfox@0.0.0~start: unsafe-perm in lifecycle true
9 verbose lifecycle api-web-sigfox@0.0.0~start: PATH: C:\Program Files\nodejs\node_modules\npm\bin\node-gyp-bin;C:\Users\Laure\Documents\Laure\api-web\api-web-sigfox\node_modules\.bin;C:\Oracle64\product\11.2.0\client_1\bin;C:\Oracle32\product\11.2.0\client_1\bin;C:\Program Files (x86)\Intel\iCLS Client\;C:\Program Files\Intel\iCLS Client\;C:\Windows\system32;C:\Windows;C:\Windows\System32\Wbem;C:\Windows\System32\WindowsPowerShell\v1.0\;C:\Program Files\Lenovo\Fingerprint Manager Pro\;C:\Program Files\Intel\Intel(R) Management Engine Components\DAL;C:\Program Files\Intel\Intel(R) Management Engine Components\IPT;C:\Program Files (x86)\Intel\Intel(R) Management Engine Components\DAL;C:\Program Files (x86)\Intel\Intel(R) Management Engine Components\IPT;C:\Program Files (x86)\Common Files\lenovo\easyplussdk\bin;C:\Program Files\Intel\WiFi\bin\;C:\Program Files\Common Files\Intel\WirelessCommon\;C:\wamp64\bin\php\php5.6.25\;C:\Program Files\TortoiseGit\bin;C:\Program Files\Git\cmd;C:\Program Files\nodejs\;C:\Program Files\Microsoft VS Code\bin;C:\Program Files\PostgreSQL\9.6\bin;C:\Users\Laure\AppData\Roaming\npm;C:\Users\Laure\Documents\Laure\api-web\api-web-sigfox\node_modules\.bin\
10 verbose lifecycle api-web-sigfox@0.0.0~start: CWD: C:\Users\Laure\Documents\Laure\api-web\api-web-sigfox
11 silly lifecycle api-web-sigfox@0.0.0~start: Args: [ '/d /s /c', 'node ./bin/www' ]
12 silly lifecycle api-web-sigfox@0.0.0~start: Returned: code: 1  signal: null
13 info lifecycle api-web-sigfox@0.0.0~start: Failed to exec start script
14 verbose stack Error: api-web-sigfox@0.0.0 start: `node ./bin/www`
14 verbose stack Exit status 1
14 verbose stack     at EventEmitter.<anonymous> (C:\Program Files\nodejs\node_modules\npm\lib\utils\lifecycle.js:255:16)
14 verbose stack     at emitTwo (events.js:106:13)
14 verbose stack     at EventEmitter.emit (events.js:191:7)
14 verbose stack     at ChildProcess.<anonymous> (C:\Program Files\nodejs\node_modules\npm\lib\utils\spawn.js:40:14)
14 verbose stack     at emitTwo (events.js:106:13)
14 verbose stack     at ChildProcess.emit (events.js:191:7)
14 verbose stack     at maybeClose (internal/child_process.js:891:16)
14 verbose stack     at Process.ChildProcess._handle.onexit (internal/child_process.js:226:5)
15 verbose pkgid api-web-sigfox@0.0.0
16 verbose cwd C:\Users\Laure\Documents\Laure\api-web\api-web-sigfox
17 error Windows_NT 6.1.7601
18 error argv "C:\\Program Files\\nodejs\\node.exe" "C:\\Program Files\\nodejs\\node_modules\\npm\\bin\\npm-cli.js" "run" "start" "--scripts-prepend-node-path=auto"
19 error node v6.11.2
20 error npm  v3.10.10
21 error code ELIFECYCLE
22 error api-web-sigfox@0.0.0 start: `node ./bin/www`
22 error Exit status 1
23 error Failed at the api-web-sigfox@0.0.0 start script 'node ./bin/www'.
23 error Make sure you have the latest version of node.js and npm installed.
23 error If you do, this is most likely a problem with the api-web-sigfox package,
23 error not with npm itself.
23 error Tell the author that this fails on your system:
23 error     node ./bin/www
23 error You can get information on how to open an issue for this project with:
23 error     npm bugs api-web-sigfox
23 error Or if that isn't available, you can get their info via:
23 error     npm owner ls api-web-sigfox
23 error There is likely additional logging output above.
24 verbose exit [ 1, true ]
